0 info it worked if it ends with ok
1 verbose cli [ 'node',
1 verbose cli   '/usr/local/bin/npm',
1 verbose cli   'install',
1 verbose cli   'grunt-contrib-watch',
1 verbose cli   '--save-dev' ]
2 info using npm@1.3.14
3 info using node@v0.10.22
4 warn package.json example-project@0.1.0 No repository field.
5 verbose readDependencies using package.json deps
6 verbose cache add [ 'grunt-contrib-watch', null ]
7 verbose cache add name=undefined spec="grunt-contrib-watch" args=["grunt-contrib-watch",null]
8 verbose parsed url { protocol: null,
8 verbose parsed url   slashes: null,
8 verbose parsed url   auth: null,
8 verbose parsed url   host: null,
8 verbose parsed url   port: null,
8 verbose parsed url   hostname: null,
8 verbose parsed url   hash: null,
8 verbose parsed url   search: null,
8 verbose parsed url   query: null,
8 verbose parsed url   pathname: 'grunt-contrib-watch',
8 verbose parsed url   path: 'grunt-contrib-watch',
8 verbose parsed url   href: 'grunt-contrib-watch' }
9 silly lockFile 7f2b8bdb-grunt-contrib-watch grunt-contrib-watch
10 verbose lock grunt-contrib-watch /Users/dominique/.npm/7f2b8bdb-grunt-contrib-watch.lock
11 silly lockFile 7f2b8bdb-grunt-contrib-watch grunt-contrib-watch
12 silly lockFile 7f2b8bdb-grunt-contrib-watch grunt-contrib-watch
13 verbose addNamed [ 'grunt-contrib-watch', '' ]
14 verbose addNamed [ null, '*' ]
15 silly lockFile b64937f1-grunt-contrib-watch grunt-contrib-watch@
16 verbose lock grunt-contrib-watch@ /Users/dominique/.npm/b64937f1-grunt-contrib-watch.lock
17 silly addNameRange { name: 'grunt-contrib-watch', range: '*', hasData: false }
18 verbose url raw grunt-contrib-watch
19 verbose url resolving [ 'https://registry.npmjs.org/', './grunt-contrib-watch' ]
20 verbose url resolved https://registry.npmjs.org/grunt-contrib-watch
21 info trying registry request attempt 1 at 08:58:38
22 http GET https://registry.npmjs.org/grunt-contrib-watch
23 info retry will retry, error on last attempt: Error: socket hang up
24 info trying registry request attempt 2 at 08:58:50
25 http GET https://registry.npmjs.org/grunt-contrib-watch
26 info retry will retry, error on last attempt: Error: socket hang up
27 info trying registry request attempt 3 at 08:59:51
28 http GET https://registry.npmjs.org/grunt-contrib-watch
29 silly lockFile b64937f1-grunt-contrib-watch grunt-contrib-watch@
30 silly lockFile b64937f1-grunt-contrib-watch grunt-contrib-watch@
31 error network socket hang up
31 error network This is most likely not a problem with npm itself
31 error network and is related to network connectivity.
31 error network In most cases you are behind a proxy or have bad network settings.
31 error network
31 error network If you are behind a proxy, please make sure that the
31 error network 'proxy' config is set properly.  See: 'npm help config'
32 error System Darwin 12.5.0
33 error command "node" "/usr/local/bin/npm" "install" "grunt-contrib-watch" "--save-dev"
34 error cwd /Users/dominique/Sites/elo2
35 error node -v v0.10.22
36 error npm -v 1.3.14
37 error code ECONNRESET
38 verbose exit [ 1, true ]
